2021-01-05 23:21:56 [信息] uid为2的普通用户登录成功，进入商城页面。
2021-01-05 23:22:07 [信息] uid为2的用户将gid为6的商品加入购物车。
2021-01-05 23:22:10 [信息] 将uid为2的用户购物车中gid为6的商品数量减一，该商品库存加一。
2021-01-05 23:24:23 [信息] uid为2的普通用户登录成功，进入商城页面。
2021-01-05 23:25:13 [信息] uid为2的用户将gid为6的商品加入购物车。
2021-01-05 23:25:28 [信息] 将uid为2的用户购物车中gid为6的商品数量减一，该商品库存加一。
2021-01-05 23:25:42 [信息] uid为2的用户将gid为5的商品加入购物车。
2021-01-05 23:25:45 [信息] 将订单号为Q0V82BFS的订单信息发送给银行。
2021-01-05 23:26:10 [信息] uid为1的管理员登录成功，进入管理员页面。
2021-01-05 23:26:28 [信息] 将商品(name:123,price:123.0,quantity:123,link:images\\新款 kindle.jpg)加入数据库。
2021-01-05 23:26:59 [信息] 将gid为24的商品信息修改为：(name:12311313,price:123.0,quantity:1)
2021-01-05 23:27:38 [信息] 将gid为24的商品信息修改为：(name:手机,price:123.0,quantity:1)
2021-01-05 23:27:47 [信息] 管理员将gid为24的商品从数据库移除。
2021-01-06 08:40:45 [信息] uid为2的普通用户登录成功，进入商城页面。
2021-01-06 08:43:02 [信息] 用户1234注册成功！
2021-01-06 08:43:08 [信息] uid为25的普通用户登录成功，进入商城页面。
2021-01-06 08:43:18 [信息] uid为25的用户将gid为5的商品加入购物车。
2021-01-06 08:43:23 [信息] uid为25的用户将gid为3的商品加入购物车。
2021-01-06 08:43:26 [信息] 将uid为25的用户购物车中gid为3的商品数量减一，该商品库存加一。
2021-01-06 08:44:06 [信息] uid为1的管理员登录成功，进入管理员页面。
2021-01-06 08:44:40 [信息] 将商品(name:电子书,price:1000.0,quantity:23,link:images\\新款 kindle.jpg)加入数据库。
2021-01-06 08:44:51 [信息] 管理员将gid为25的商品从数据库移除。
2021-01-06 08:45:04 [信息] 将gid为3的商品信息修改为：(name:魅族 MX5 PRO,price:4999.0,quantity:200)
2021-01-06 08:45:15 [信息] 将gid为3的商品信息修改为：(name:魅族的 MX5 PRO,price:4999.0,quantity:200)
2021-01-06 08:45:23 [信息] 将gid为3的商品信息修改为：(name:魅族 MX5 PRO,price:4999.0,quantity:200)
2021-01-06 09:43:03 [信息] uid为2的普通用户登录成功，进入商城页面。
2021-01-06 09:43:08 [信息] 将订单号为56WOCJBP的订单信息发送给银行。
2021-01-06 09:43:23 [信息] 将订单号为LG9DRMFP的订单信息发送给银行。
2021-01-06 09:43:35 [信息] 将订单号为R8HGQSJT的订单信息发送给银行。
2021-01-06 09:43:35 [信息] 获得payid并对银行验签成功，跳转支付页面。
2021-01-06 09:43:49 [信息] 将订单号为33H3X932的订单信息发送给银行。
2021-01-06 09:43:49 [信息] 获得payid并对银行验签成功，跳转支付页面。
2021-01-06 10:36:07 [信息] uid为1的管理员登录成功，进入管理员页面。
2021-01-06 10:36:22 [信息] 将商品(name:123,price:123.0,quantity:123,link:images\\新款 kindle.jpg)加入数据库。
2021-01-06 10:36:34 [信息] uid为2的普通用户登录成功，进入商城页面。
2021-01-06 10:36:48 [信息] 管理员将gid为26的商品从数据库移除。
2021-01-06 10:37:43 [信息] 将商品(name:123,price:123.0,quantity:123,link:images\\新款 kindle.jpg)加入数据库。
2021-01-06 10:37:57 [信息] uid为2的普通用户登录成功，进入商城页面。
2021-01-06 10:38:12 [信息] uid为2的普通用户登录成功，进入商城页面。
2021-01-06 10:39:09 [信息] uid为1的管理员登录成功，进入管理员页面。
2021-01-06 10:39:15 [信息] 管理员将gid为27的商品从数据库移除。
2021-01-06 10:40:59 [信息] 将商品(name:123,price:123.0,quantity:123,link:images\\二手 白色 手机.jpg)加入数据库。
2021-01-06 10:41:11 [信息] uid为2的普通用户登录成功，进入商城页面。
2021-01-06 10:41:32 [信息] 管理员将gid为28的商品从数据库移除。
2021-01-06 10:41:41 [信息] uid为2的普通用户登录成功，进入商城页面。
2021-01-06 11:04:32 [信息] uid为1的管理员登录成功，进入管理员页面。
2021-01-06 11:04:59 [信息] 将商品(name:手机,price:100.0,quantity:122,link:images\\OPPO 手机.jpg)加入数据库。
2021-01-06 11:05:09 [信息] 管理员将gid为21的商品从数据库移除。
2021-01-06 11:05:19 [信息] 将gid为29的商品信息修改为：(name:手机,price:2000.0,quantity:122)
2021-01-06 11:05:35 [信息] uid为2的普通用户登录成功，进入商城页面。
2021-01-06 11:05:47 [信息] uid为2的用户将gid为3的商品加入购物车。
2021-01-06 11:05:49 [信息] uid为2的用户将gid为5的商品加入购物车。
2021-01-06 11:05:53 [信息] 将uid为2的用户购物车中gid为5的商品数量减一，该商品库存加一。
2021-01-06 11:06:04 [信息] 将订单号为SHN6GZXA的订单信息发送给银行。
2021-01-06 11:06:04 [信息] 获得payid并对银行验签成功，跳转支付页面。
2021-01-06 11:08:21 [信息] 订单SHN6GZXA支付成功，uid为2的用户的购物车已清空，该用户已购买商品列表已更新。
2021-01-06 11:09:42 [信息] uid为2的用户将gid为5的商品加入购物车。
2021-01-06 11:56:39 [信息] uid为2的普通用户登录成功，进入商城页面。
2021-01-06 11:58:12 [信息] uid为2的普通用户登录成功，进入商城页面。
2021-01-06 11:58:14 [信息] uid为2的用户将gid为6的商品加入购物车。
2021-01-06 11:59:07 [信息] 将订单号为JO5IWUE8的订单信息发送给银行。
2021-01-06 11:59:07 [信息] 获得payid并对银行验签成功，跳转支付页面。
2021-01-06 12:01:22 [信息] 订单JO5IWUE8支付成功，uid为2的用户的购物车已清空，该用户已购买商品列表已更新。
2021-01-08 10:57:23 [信息] uid为1的管理员登录成功，进入管理员页面。
2021-01-08 11:24:05 [信息] 将商品(name:二手IPad 八成新,price:2499.0,quantity:100,link:images\\g8.jpg)加入数据库。
2021-01-08 11:28:40 [信息] 将gid为18的商品信息修改为：(name:笔记本电脑 绿色清新款,price:4900.0,quantity:200)
2021-01-08 11:31:02 [信息] 管理员将gid为29的商品从数据库移除。
2021-01-08 11:36:16 [信息] uid为3的普通用户登录成功，进入商城页面。
